<?xml version="1.0" encoding="UTF-8"?>
<!-- Generated by org.testng.reporters.JUnitReportReporter -->
<testsuite skipped="0" hostname="Subin" name="ReTryLogicClassLevelLearning.testCaseToTestRetryFailedTestCasesScenario2" tests="1" failures="0" timestamp="21 Feb 2019 08:04:01 GMT" time="0.018" errors="0">
  <testcase name="test2" time="0.018" classname="ReTryLogicClassLevelLearning.testCaseToTestRetryFailedTestCasesScenario2"/>
</testsuite> <!-- ReTryLogicClassLevelLearning.testCaseToTestRetryFailedTestCasesScenario2 -->
