<?xml version="1.0" encoding="UTF-8"?>
<!-- Generated by org.testng.reporters.JUnitReportReporter -->
<testsuite skipped="0" hostname="Subin" name="EnabledDisabledTestNG.Test01" tests="3" failures="0" timestamp="07 Mar 2019 06:25:53 GMT" time="0.023" errors="0">
  <testcase name="afdafd" time="0.018" classname="EnabledDisabledTestNG.Test01"/>
  <testcase name="printClass02" time="0.002" classname="EnabledDisabledTestNG.Test01"/>
  <testcase name="printClass01" time="0.003" classname="EnabledDisabledTestNG.Test01"/>
</testsuite> <!-- EnabledDisabledTestNG.Test01 -->
