<?xml version="1.0" encoding="UTF-8"?>
<!-- Generated by org.testng.reporters.JUnitReportReporter -->
<testsuite skipped="0" hostname="Subin" name="LearnTestNG.AT02_NavLoginAccount" tests="2" failures="0" timestamp="19 Feb 2019 07:50:23 GMT" time="9.854" errors="0">
  <testcase name="navigateToLogin" time="1.649" classname="LearnTestNG.AT02_NavLoginAccount"/>
  <testcase name="navigate" time="8.205" classname="LearnTestNG.AT02_NavLoginAccount"/>
</testsuite> <!-- LearnTestNG.AT02_NavLoginAccount -->
