<?xml version="1.0" encoding="UTF-8"?>
<!-- Generated by org.testng.reporters.JUnitReportReporter -->
<testsuite skipped="0" hostname="Subin" name="LearnTestNG.PageLoadTimeout" tests="1" failures="0" timestamp="14 Feb 2019 08:46:44 GMT" time="7.812" errors="0">
  <testcase name="PageLoadTest" time="7.812" classname="LearnTestNG.PageLoadTimeout"/>
</testsuite> <!-- LearnTestNG.PageLoadTimeout -->
