<?xml version="1.0" encoding="UTF-8"?>
<!-- Generated by org.testng.reporters.JUnitReportReporter -->
<testsuite skipped="0" hostname="Subin" name="ParallelRun.ParallelRun" tests="1" failures="0" timestamp="01 Mar 2019 08:18:06 GMT" time="11.192" errors="0">
  <testcase name="navigate" time="11.192" classname="ParallelRun.ParallelRun"/>
</testsuite> <!-- ParallelRun.ParallelRun -->
