<?xml version="1.0" encoding="UTF-8"?>
<!-- Generated by org.testng.reporters.JUnitReportReporter -->
<testsuite skipped="0" hostname="Subin" name="ReTryLogicClassLevelLearning.testCaseToTestRetryFailedTestCasesScenario1" tests="1" failures="0" timestamp="26 Feb 2019 07:41:20 GMT" time="0.020" errors="0">
  <testcase name="test1" time="0.020" classname="ReTryLogicClassLevelLearning.testCaseToTestRetryFailedTestCasesScenario1"/>
</testsuite> <!-- ReTryLogicClassLevelLearning.testCaseToTestRetryFailedTestCasesScenario1 -->
