<?xml version="1.0" encoding="UTF-8"?>
<!-- Generated by org.testng.reporters.JUnitReportReporter -->
<testsuite skipped="0" hostname="Subin" name="LearnTestNG.TestNG_ANNOTATIONS" tests="2" failures="0" timestamp="25 Feb 2019 14:53:18 GMT" time="0.007" errors="0">
  <testcase name="TestPrint2" time="0.002" classname="LearnTestNG.TestNG_ANNOTATIONS"/>
  <testcase name="TestPrint1" time="0.005" classname="LearnTestNG.TestNG_ANNOTATIONS"/>
</testsuite> <!-- LearnTestNG.TestNG_ANNOTATIONS -->
