<?xml version="1.0" encoding="UTF-8"?>
<!-- Generated by org.testng.reporters.JUnitReportReporter -->
<testsuite skipped="1" hostname="Subin" name="LearnTestNG.TestNG_SmokeSanity" tests="5" failures="0" timestamp="21 Feb 2019 08:52:16 GMT" time="0.023" errors="0">
  <testcase name="login1" time="0.013" classname="LearnTestNG.TestNG_SmokeSanity"/>
  <testcase name="browse2" time="0.002" classname="LearnTestNG.TestNG_SmokeSanity"/>
  <testcase name="SelectProduct3" time="0.002" classname="LearnTestNG.TestNG_SmokeSanity"/>
  <testcase name="CheckoutPage4" time="0.006" classname="LearnTestNG.TestNG_SmokeSanity"/>
  <testcase name="PaymentGate5" classname="LearnTestNG.TestNG_SmokeSanity">
    <skipped/>
  </testcase> <!-- PaymentGate5 -->
</testsuite> <!-- LearnTestNG.TestNG_SmokeSanity -->
