<?xml version="1.0" encoding="UTF-8"?>
<!-- Generated by org.testng.reporters.JUnitReportReporter -->
<testsuite skipped="0" hostname="Subin" name="TestNG_Groups.GroupTestCase02" tests="1" failures="0" timestamp="21 Feb 2019 08:25:17 GMT" time="0.010" errors="0">
  <testcase name="composeMail" time="0.010" classname="TestNG_Groups.GroupTestCase02"/>
</testsuite> <!-- TestNG_Groups.GroupTestCase02 -->
