<?xml version="1.0" encoding="UTF-8"?>
<!-- Generated by org.testng.reporters.JUnitReportReporter -->
<testsuite skipped="0" hostname="Subin" name="LearnTestNG.TestNG_Attributes" tests="1" failures="0" timestamp="26 Feb 2019 06:43:12 GMT" time="12.968" errors="0">
  <testcase name="navigate" time="12.968" classname="LearnTestNG.TestNG_Attributes"/>
</testsuite> <!-- LearnTestNG.TestNG_Attributes -->
