<?xml version="1.0" encoding="UTF-8"?>
<!-- Generated by org.testng.reporters.JUnitReportReporter -->
<testsuite skipped="0" hostname="Subin" name="LearnTestNG.TestNG_Dependancies" tests="3" failures="0" timestamp="19 Feb 2019 08:30:06 GMT" time="0.016" errors="0">
  <testcase name="login" time="0.012" classname="LearnTestNG.TestNG_Dependancies"/>
  <testcase name="DoSomeActivity" time="0.003" classname="LearnTestNG.TestNG_Dependancies"/>
  <testcase name="Logout" time="0.001" classname="LearnTestNG.TestNG_Dependancies"/>
</testsuite> <!-- LearnTestNG.TestNG_Dependancies -->
