<?xml version="1.0" encoding="UTF-8"?>
<!-- Generated by org.testng.reporters.JUnitReportReporter -->
<testsuite skipped="0" hostname="Subin" name="TestNG_Groups.GroupTestCase01" tests="1" failures="0" timestamp="26 Feb 2019 07:41:55 GMT" time="0.016" errors="0">
  <testcase name="loginTest" time="0.016" classname="TestNG_Groups.GroupTestCase01"/>
</testsuite> <!-- TestNG_Groups.GroupTestCase01 -->
