<?xml version="1.0" encoding="UTF-8"?>
<!-- Generated by org.testng.reporters.JUnitReportReporter -->
<testsuite skipped="0" hostname="Subin" name="LearnTestNG.TestNG_Priority" tests="3" failures="0" timestamp="21 Feb 2019 07:14:44 GMT" time="0.026" errors="0">
  <testcase name="Cat" time="0.020" classname="LearnTestNG.TestNG_Priority"/>
  <testcase name="Apple" time="0.003" classname="LearnTestNG.TestNG_Priority"/>
  <testcase name="Ball" time="0.003" classname="LearnTestNG.TestNG_Priority"/>
</testsuite> <!-- LearnTestNG.TestNG_Priority -->
