<?xml version="1.0" encoding="UTF-8"?>
<!-- Generated by org.testng.reporters.JUnitReportReporter -->
<testsuite skipped="0" hostname="Subin" name="LearnTestNG.FirstTestNGClass" tests="1" failures="0" timestamp="14 Feb 2019 08:19:08 GMT" time="0.013" errors="0">
  <testcase name="tester" time="0.013" classname="LearnTestNG.FirstTestNGClass"/>
</testsuite> <!-- LearnTestNG.FirstTestNGClass -->
