<?xml version="1.0" encoding="UTF-8"?>
<!-- Generated by org.testng.reporters.JUnitReportReporter -->
<testsuite skipped="0" hostname="Subin" name="LearnTestNG.AT03_NavToCretAnAcc" tests="3" failures="0" timestamp="19 Feb 2019 07:54:30 GMT" time="11.971" errors="0">
  <testcase name="navigateToLogin" time="2.229" classname="LearnTestNG.AT03_NavToCretAnAcc"/>
  <testcase name="navigateToCreateAnAcc" time="1.743" classname="LearnTestNG.AT03_NavToCretAnAcc"/>
  <testcase name="navigate" time="7.999" classname="LearnTestNG.AT03_NavToCretAnAcc"/>
</testsuite> <!-- LearnTestNG.AT03_NavToCretAnAcc -->
