<?xml version="1.0" encoding="UTF-8"?>
<!-- Generated by org.testng.reporters.JUnitReportReporter -->
<testsuite skipped="0" hostname="Subin" name="LearnTestNG.TestNG_BeforeAfterClass" tests="2" failures="0" timestamp="07 Mar 2019 03:23:21 GMT" time="0.523" errors="0">
  <testcase name="TestPrint" time="0.009" classname="LearnTestNG.TestNG_BeforeAfterClass"/>
  <testcase name="LogiScreen" time="0.514" classname="LearnTestNG.TestNG_BeforeAfterClass"/>
</testsuite> <!-- LearnTestNG.TestNG_BeforeAfterClass -->
